<?xml version="1.0" encoding="UTF-8"?>
<!-- Generated by org.testng.reporters.JUnitReportReporter -->
<testsuite skipped="0" hostname="USBLRCKUMARSIN6" name="com.hpi.test.SanitySuiteExecution.ContactSupport_SanityExecution" tests="5" failures="0" timestamp="14 May 2018 05:51:13 GMT" time="98.748" errors="0">
  <testcase name="TC01_BtnsDisplayedTest" time="16.975" classname="com.hpi.test.SanitySuiteExecution.ContactSupport_SanityExecution"/>
  <testcase name="TC02_GuestLoginTest" time="18.159" classname="com.hpi.test.SanitySuiteExecution.ContactSupport_SanityExecution"/>
  <testcase name="TC03_ValidateIdntfyNwBtnTest" time="27.927" classname="com.hpi.test.SanitySuiteExecution.ContactSupport_SanityExecution"/>
  <testcase name="TC04_ClickSDDLinkTest" time="22.989" classname="com.hpi.test.SanitySuiteExecution.ContactSupport_SanityExecution"/>
  <testcase name="TC05_PfinderSBEnbldTest" time="12.698" classname="com.hpi.test.SanitySuiteExecution.ContactSupport_SanityExecution"/>
</testsuite> <!-- com.hpi.test.SanitySuiteExecution.ContactSupport_SanityExecution -->
