<?xml version="1.0" encoding="UTF-8"?>
<!-- Generated by org.testng.reporters.JUnitReportReporter -->
<testsuite skipped="0" hostname="USBLRCKUMARSIN6" name="com.hpi.test.SanitySuiteExecution.ContactSupport_SanityExecution" tests="1" failures="0" timestamp="21 Aug 2018 11:35:10 GMT" time="24.073" errors="0">
  <testcase name="TC_VerifyPrinterProductLabel_Test" time="24.073" classname="com.hpi.test.SanitySuiteExecution.ContactSupport_SanityExecution"/>
</testsuite> <!-- com.hpi.test.SanitySuiteExecution.ContactSupport_SanityExecution -->
