<?xml version="1.0" encoding="UTF-8"?>
<!-- Generated by org.testng.reporters.JUnitReportReporter -->
<testsuite skipped="0" hostname="USBLRCKUMARSIN6" name="com.hpi.test.SanitySuiteExecution.ContactSupport_SanityExecution" tests="15" failures="0" timestamp="25 Aug 2018 17:02:15 GMT" time="409.910" errors="0">
  <testcase name="TC_VerifyPrinterProductLabel_Test" time="31.085" classname="com.hpi.test.SanitySuiteExecution.ContactSupport_SanityExecution"/>
  <testcase name="TC_PrinterPNo_Test" time="34.511" classname="com.hpi.test.SanitySuiteExecution.ContactSupport_SanityExecution"/>
  <testcase name="TC_PrinterPNo_Test" time="37.367" classname="com.hpi.test.SanitySuiteExecution.ContactSupport_SanityExecution"/>
  <testcase name="TC_VerifyPrinterSubmitBtn_Test" time="18.656" classname="com.hpi.test.SanitySuiteExecution.ContactSupport_SanityExecution"/>
  <testcase name="TC_PrinterLanding_Test" time="30.287" classname="com.hpi.test.SanitySuiteExecution.ContactSupport_SanityExecution"/>
  <testcase name="TC01AllBtnsDsplyd_Test" time="13.952" classname="com.hpi.test.SanitySuiteExecution.ContactSupport_SanityExecution"/>
  <testcase name="TC_DesktopLanding_Test" time="15.479" classname="com.hpi.test.SanitySuiteExecution.ContactSupport_SanityExecution"/>
  <testcase name="TC_VerifyLaptopSubmitBtn_Test" time="20.316" classname="com.hpi.test.SanitySuiteExecution.ContactSupport_SanityExecution"/>
  <testcase name="TC_VerifyDesktopSubmitBtn_Test" time="29.914" classname="com.hpi.test.SanitySuiteExecution.ContactSupport_SanityExecution"/>
  <testcase name="TC_PrinterPName_Test" time="35.719" classname="com.hpi.test.SanitySuiteExecution.ContactSupport_SanityExecution"/>
  <testcase name="TC_LaptopLanding_Test" time="15.986" classname="com.hpi.test.SanitySuiteExecution.ContactSupport_SanityExecution"/>
  <testcase name="TC_ClickFndOutMoreLink_Test" time="19.325" classname="com.hpi.test.SanitySuiteExecution.ContactSupport_SanityExecution"/>
  <testcase name="TC_PrinterPName_Test" time="32.955" classname="com.hpi.test.SanitySuiteExecution.ContactSupport_SanityExecution"/>
  <testcase name="TC_PrinterSN_Test" time="30.055" classname="com.hpi.test.SanitySuiteExecution.ContactSupport_SanityExecution"/>
  <testcase name="TC_PrinterSN_Test" time="44.303" classname="com.hpi.test.SanitySuiteExecution.ContactSupport_SanityExecution"/>
</testsuite> <!-- com.hpi.test.SanitySuiteExecution.ContactSupport_SanityExecution -->
