<?xml version="1.0" encoding="UTF-8"?>
<!-- Generated by org.testng.reporters.JUnitReportReporter -->
<testsuite skipped="0" hostname="USBLRCKUMARSIN6" name="com.hpi.test.SanitySuiteExecution.ContactSupport_SanityExecution" tests="1" failures="0" timestamp="17 Jun 2018 18:23:21 GMT" time="34.313" errors="0">
  <testcase name="TC_EP_PNameTest" time="34.313" classname="com.hpi.test.SanitySuiteExecution.ContactSupport_SanityExecution"/>
</testsuite> <!-- com.hpi.test.SanitySuiteExecution.ContactSupport_SanityExecution -->
