<?xml version="1.0" encoding="UTF-8"?>
<!-- Generated by org.testng.reporters.JUnitReportReporter -->
<testsuite skipped="0" hostname="USBLRCKUMARSIN6" name="com.hpi.test.SanitySuiteExecution.ContactSupport_SanityExecution" tests="1" failures="0" timestamp="21 May 2018 19:31:13 GMT" time="26.229" errors="0">
  <testcase name="TC_PN_SNTest" time="26.229" classname="com.hpi.test.SanitySuiteExecution.ContactSupport_SanityExecution"/>
</testsuite> <!-- com.hpi.test.SanitySuiteExecution.ContactSupport_SanityExecution -->
