<?xml version="1.0" encoding="UTF-8"?>
<!-- Generated by org.testng.reporters.JUnitReportReporter -->
<testsuite skipped="0" hostname="USBLRCKUMARSIN6" name="com.hpi.test.SanitySuiteExecution.ContactSupport_SanityExecution" tests="4" failures="0" timestamp="20 Aug 2018 12:26:35 GMT" time="78.211" errors="0">
  <testcase name="TC01AllBtnsDsplydTest" time="15.396" classname="com.hpi.test.SanitySuiteExecution.ContactSupport_SanityExecution"/>
  <testcase name="TC_PrinterLandingTest" time="22.585" classname="com.hpi.test.SanitySuiteExecution.ContactSupport_SanityExecution"/>
  <testcase name="TC_ClickFndOutMoreLinkTest" time="22.432" classname="com.hpi.test.SanitySuiteExecution.ContactSupport_SanityExecution"/>
  <testcase name="TC_VerifySubmitBtnTest" time="17.798" classname="com.hpi.test.SanitySuiteExecution.ContactSupport_SanityExecution"/>
</testsuite> <!-- com.hpi.test.SanitySuiteExecution.ContactSupport_SanityExecution -->
